<?xml version="1.0" encoding="UTF-8"?>
<!-- Generated by org.testng.reporters.JUnitReportReporter -->
<testsuite hostname="del1-lhp-n61437" failures="0" tests="1" name="com_EduDomain_Skillrary_Test.ScenarioTest3" time="12.398" errors="0" timestamp="2021-08-03T17:47:45 IST" skipped="0">
  <testcase classname="com_EduDomain_Skillrary_Test.ScenarioTest3" name="tc3" time="12.398"/>
  <system-out/>
</testsuite> <!-- com_EduDomain_Skillrary_Test.ScenarioTest3 -->
