<?xml version="1.0" encoding="UTF-8"?>
<!-- Generated by org.testng.reporters.JUnitReportReporter -->
<testsuite hostname="del1-lhp-n61437" failures="0" tests="1" name="com_EduDomain_Skillrary_Test.ScenarioTest2" time="13.920" errors="0" timestamp="2021-07-22T21:12:50 IST" skipped="0">
  <testcase classname="com_EduDomain_Skillrary_Test.ScenarioTest2" name="tc2" time="13.920"/>
  <system-out/>
</testsuite> <!-- com_EduDomain_Skillrary_Test.ScenarioTest2 -->
