<?xml version="1.0" encoding="UTF-8"?>
<!-- Generated by org.testng.reporters.JUnitReportReporter -->
<testsuite hostname="del1-lhp-n61437" failures="0" tests="1" name="com_EduDomain_Skillrary_Test.ScenarioTest4" time="10.654" errors="0" timestamp="2021-08-02T17:22:41 IST" skipped="0">
  <testcase classname="com_EduDomain_Skillrary_Test.ScenarioTest4" name="tc4" time="10.654"/>
  <system-out/>
</testsuite> <!-- com_EduDomain_Skillrary_Test.ScenarioTest4 -->
