<?xml version="1.0" encoding="UTF-8"?>
<!-- Generated by org.testng.reporters.JUnitReportReporter -->
<testsuite hostname="del1-lhp-n61437" failures="0" tests="1" name="com_EduDomain_Skillrary_Test.ScenarioTest1" time="8.574" errors="0" timestamp="2021-07-22T16:01:28 IST" skipped="0">
  <testcase classname="com_EduDomain_Skillrary_Test.ScenarioTest1" name="fbLike" time="8.574"/>
  <system-out/>
</testsuite> <!-- com_EduDomain_Skillrary_Test.ScenarioTest1 -->
